INFO 2024-05-13 08:20:26,118 autoreload run_with_reloader Watching for file changes with StatReloader
INFO 2024-05-13 08:20:26,223 views DownloadFileAPIView Downloading file
INFO 2024-05-13 08:20:26,224 views LogoutView logout user
INFO 2024-05-13 08:20:51,917 autoreload trigger_reload C:\PycharmProjects\pythonProject\Projects\MCloud\CloudStorage\CloudStorage\settings.py changed, reloading.
INFO 2024-05-13 08:20:52,304 autoreload run_with_reloader Watching for file changes with StatReloader
INFO 2024-05-13 08:20:52,448 views DownloadFileAPIView Downloading file
INFO 2024-05-13 08:20:52,448 views LogoutView logout user
INFO 2024-05-13 08:21:10,009 autoreload trigger_reload C:\PycharmProjects\pythonProject\Projects\MCloud\CloudStorage\CloudStorage\settings.py changed, reloading.
INFO 2024-05-13 08:21:10,416 autoreload run_with_reloader Watching for file changes with StatReloader
INFO 2024-05-13 08:21:10,541 views DownloadFileAPIView Downloading file
INFO 2024-05-13 08:21:10,542 views LogoutView logout user
INFO 2024-05-13 08:21:20,973 autoreload trigger_reload C:\PycharmProjects\pythonProject\Projects\MCloud\CloudStorage\CloudStorage\settings.py changed, reloading.
INFO 2024-05-13 08:21:21,345 autoreload run_with_reloader Watching for file changes with StatReloader
INFO 2024-05-13 08:21:21,457 views DownloadFileAPIView Downloading file
INFO 2024-05-13 08:21:21,457 views LogoutView logout user
INFO 2024-05-13 08:21:48,173 autoreload trigger_reload C:\PycharmProjects\pythonProject\Projects\MCloud\CloudStorage\CloudStorage\settings.py changed, reloading.
INFO 2024-05-13 08:21:48,615 autoreload run_with_reloader Watching for file changes with StatReloader
INFO 2024-05-13 08:21:48,728 views DownloadFileAPIView Downloading file
INFO 2024-05-13 08:21:48,728 views LogoutView logout user
INFO 2024-05-13 08:22:09,606 autoreload trigger_reload C:\PycharmProjects\pythonProject\Projects\MCloud\CloudStorage\CloudStorage\settings.py changed, reloading.
INFO 2024-05-13 08:22:09,959 autoreload run_with_reloader Watching for file changes with StatReloader
INFO 2024-05-13 08:22:10,075 views DownloadFileAPIView Downloading file
INFO 2024-05-13 08:22:10,075 views LogoutView logout user
INFO 2024-05-13 08:22:51,587 autoreload trigger_reload C:\PycharmProjects\pythonProject\Projects\MCloud\CloudStorage\CloudStorage\settings.py changed, reloading.
INFO 2024-05-13 08:22:51,921 autoreload run_with_reloader Watching for file changes with StatReloader
INFO 2024-05-13 08:22:52,037 views DownloadFileAPIView Downloading file
INFO 2024-05-13 08:22:52,037 views LogoutView logout user
INFO 2024-05-13 08:23:11,818 autoreload trigger_reload C:\PycharmProjects\pythonProject\Projects\MCloud\CloudStorage\CloudStorage\settings.py changed, reloading.
INFO 2024-05-13 08:23:12,175 autoreload run_with_reloader Watching for file changes with StatReloader
INFO 2024-05-13 08:23:12,290 views DownloadFileAPIView Downloading file
INFO 2024-05-13 08:23:12,291 views LogoutView logout user
INFO 2024-05-13 08:23:33,112 autoreload trigger_reload C:\PycharmProjects\pythonProject\Projects\MCloud\CloudStorage\CloudStorage\settings.py changed, reloading.
INFO 2024-05-13 08:23:55,167 autoreload run_with_reloader Watching for file changes with StatReloader
INFO 2024-05-13 08:23:55,288 views DownloadFileAPIView Downloading file
INFO 2024-05-13 08:23:55,288 views LogoutView logout user
ERROR 2024-05-13 08:24:12,678 exception response_for_exception Invalid HTTP_HOST header: '127.0.0.1:8000'. You may need to add '127.0.0.1' to ALLOWED_HOSTS.
Traceback (most recent call last):
  File "C:\Python310\lib\site-packages\django\core\handlers\exception.py", line 55, in inner
    response = get_response(request)
  File "C:\Python310\lib\site-packages\django\utils\deprecation.py", line 133, in __call__
    response = self.process_request(request)
  File "C:\Python310\lib\site-packages\django\middleware\common.py", line 48, in process_request
    host = request.get_host()
  File "C:\Python310\lib\site-packages\django\http\request.py", line 150, in get_host
    raise DisallowedHost(msg)
django.core.exceptions.DisallowedHost: Invalid HTTP_HOST header: '127.0.0.1:8000'. You may need to add '127.0.0.1' to ALLOWED_HOSTS.
WARNING 2024-05-13 08:24:12,709 log log_response Bad Request: /catalog/
WARNING 2024-05-13 08:24:12,710 basehttp log_message "GET /catalog/ HTTP/1.1" 400 67737
ERROR 2024-05-13 08:24:28,490 exception response_for_exception Invalid HTTP_HOST header: '127.0.0.1:8000'. You may need to add '127.0.0.1' to ALLOWED_HOSTS.
Traceback (most recent call last):
  File "C:\Python310\lib\site-packages\django\core\handlers\exception.py", line 55, in inner
    response = get_response(request)
  File "C:\Python310\lib\site-packages\django\utils\deprecation.py", line 133, in __call__
    response = self.process_request(request)
  File "C:\Python310\lib\site-packages\django\middleware\common.py", line 48, in process_request
    host = request.get_host()
  File "C:\Python310\lib\site-packages\django\http\request.py", line 150, in get_host
    raise DisallowedHost(msg)
django.core.exceptions.DisallowedHost: Invalid HTTP_HOST header: '127.0.0.1:8000'. You may need to add '127.0.0.1' to ALLOWED_HOSTS.
WARNING 2024-05-13 08:24:28,516 log log_response Bad Request: /admin/
WARNING 2024-05-13 08:24:28,517 basehttp log_message "GET /admin/ HTTP/1.1" 400 68087
ERROR 2024-05-13 08:24:29,437 exception response_for_exception Invalid HTTP_HOST header: '127.0.0.1:8000'. You may need to add '127.0.0.1' to ALLOWED_HOSTS.
Traceback (most recent call last):
  File "C:\Python310\lib\site-packages\django\core\handlers\exception.py", line 55, in inner
    response = get_response(request)
  File "C:\Python310\lib\site-packages\django\utils\deprecation.py", line 133, in __call__
    response = self.process_request(request)
  File "C:\Python310\lib\site-packages\django\middleware\common.py", line 48, in process_request
    host = request.get_host()
  File "C:\Python310\lib\site-packages\django\http\request.py", line 150, in get_host
    raise DisallowedHost(msg)
django.core.exceptions.DisallowedHost: Invalid HTTP_HOST header: '127.0.0.1:8000'. You may need to add '127.0.0.1' to ALLOWED_HOSTS.
WARNING 2024-05-13 08:24:29,455 log log_response Bad Request: /admin/
WARNING 2024-05-13 08:24:29,456 basehttp log_message "GET /admin/ HTTP/1.1" 400 67813
INFO 2024-05-13 08:25:05,803 autoreload trigger_reload C:\PycharmProjects\pythonProject\Projects\MCloud\CloudStorage\CloudStorage\settings.py changed, reloading.
INFO 2024-05-13 08:25:06,201 autoreload run_with_reloader Watching for file changes with StatReloader
INFO 2024-05-13 08:25:06,321 views DownloadFileAPIView Downloading file
INFO 2024-05-13 08:25:06,321 views LogoutView logout user
ERROR 2024-05-13 08:25:07,509 exception response_for_exception Invalid HTTP_HOST header: '127.0.0.1:8000'. You may need to add '127.0.0.1' to ALLOWED_HOSTS.
Traceback (most recent call last):
  File "C:\Python310\lib\site-packages\django\core\handlers\exception.py", line 55, in inner
    response = get_response(request)
  File "C:\Python310\lib\site-packages\django\utils\deprecation.py", line 133, in __call__
    response = self.process_request(request)
  File "C:\Python310\lib\site-packages\django\middleware\common.py", line 48, in process_request
    host = request.get_host()
  File "C:\Python310\lib\site-packages\django\http\request.py", line 150, in get_host
    raise DisallowedHost(msg)
django.core.exceptions.DisallowedHost: Invalid HTTP_HOST header: '127.0.0.1:8000'. You may need to add '127.0.0.1' to ALLOWED_HOSTS.
WARNING 2024-05-13 08:25:07,537 log log_response Bad Request: /catalog/
WARNING 2024-05-13 08:25:07,538 basehttp log_message "GET /catalog/ HTTP/1.1" 400 67729
INFO 2024-05-13 08:25:31,452 autoreload trigger_reload C:\PycharmProjects\pythonProject\Projects\MCloud\CloudStorage\CloudStorage\settings.py changed, reloading.
INFO 2024-05-13 08:25:31,791 autoreload run_with_reloader Watching for file changes with StatReloader
INFO 2024-05-13 08:25:31,903 views DownloadFileAPIView Downloading file
INFO 2024-05-13 08:25:31,903 views LogoutView logout user
WARNING 2024-05-13 08:25:34,561 log log_response Not Found: /catalog/
WARNING 2024-05-13 08:25:34,561 basehttp log_message "GET /catalog/ HTTP/1.1" 404 3373
INFO 2024-05-13 08:25:42,401 basehttp log_message "GET /admin/ HTTP/1.1" 200 7329
INFO 2024-05-13 08:25:46,959 basehttp log_message "GET /admin/cloudback/files/ HTTP/1.1" 200 8465
INFO 2024-05-13 08:25:47,004 basehttp log_message "GET /admin/jsi18n/ HTTP/1.1" 200 16066
INFO 2024-05-13 08:26:21,194 views DownloadFileAPIView Downloading file
INFO 2024-05-13 08:26:21,194 views LogoutView logout user
INFO 2024-05-13 08:26:27,700 views DownloadFileAPIView Downloading file
INFO 2024-05-13 08:26:27,700 views LogoutView logout user
INFO 2024-05-13 08:30:04,708 autoreload run_with_reloader Watching for file changes with StatReloader
INFO 2024-05-13 08:30:04,822 views DownloadFileAPIView Downloading file
INFO 2024-05-13 08:30:04,822 views LogoutView logout user
INFO 2024-05-13 10:39:02,282 autoreload run_with_reloader Watching for file changes with StatReloader
INFO 2024-05-13 10:39:02,398 views DownloadFileAPIView Downloading file
INFO 2024-05-13 10:39:02,398 views LogoutView logout user
INFO 2024-05-13 10:39:27,358 autoreload run_with_reloader Watching for file changes with StatReloader
INFO 2024-05-13 10:39:27,482 views DownloadFileAPIView Downloading file
INFO 2024-05-13 10:39:27,482 views LogoutView logout user
WARNING 2024-05-13 10:39:29,016 log log_response Not Found: /catalog/
WARNING 2024-05-13 10:39:29,016 basehttp log_message "GET /catalog/ HTTP/1.1" 404 3373
